d:\baiduyundownload\live555_vs2013\live555\mediaserver\debug\vc120.pdb
d:\baiduyundownload\live555_vs2013\live555\mediaserver\debug\vc120.idb
d:\baiduyundownload\live555_vs2013\live555\mediaserver\debug\dynamicrtspserver.obj
d:\baiduyundownload\live555_vs2013\live555\mediaserver\debug\live555mediaserver.obj
d:\baiduyundownload\live555_vs2013\live555\debug\mediaserver.ilk
d:\baiduyundownload\live555_vs2013\live555\debug\mediaserver.exe
d:\baiduyundownload\live555_vs2013\live555\debug\mediaserver.pdb
d:\vlc\live555\live555\mediaserver\debug\dynamicrtspserver.obj
d:\vlc\live555\live555\mediaserver\debug\live555mediaserver.obj
d:\vlc\live555\live555\mediaserver\debug\vc120.idb
d:\vlc\live555\live555\mediaserver\debug\vc120.pdb
d:\vlc\live555\live555\debug\mediaserver.pdb
d:\vlc\live555\live555\debug\mediaserver.exe
d:\vlc\live555\live555\debug\mediaserver.ilk
d:\vlc\live555\live555\mediaserver\debug\mediaserver.tlog\cl.command.1.tlog
d:\vlc\live555\live555\mediaserver\debug\mediaserver.tlog\cl.read.1.tlog
d:\vlc\live555\live555\mediaserver\debug\mediaserver.tlog\cl.write.1.tlog
d:\vlc\live555\live555\mediaserver\debug\mediaserver.tlog\link.command.1.tlog
d:\vlc\live555\live555\mediaserver\debug\mediaserver.tlog\link.read.1.tlog
d:\vlc\live555\live555\mediaserver\debug\mediaserver.tlog\link.write.1.tlog
