h:\tech\develop\visual_studio_2013\live555\live555\usageenvironment\debug\vc120.pdb
d:\baiduyundownload\live555_vs2013\live555\usageenvironment\debug\vc120.pdb
d:\baiduyundownload\live555_vs2013\live555\usageenvironment\debug\vc120.idb
d:\baiduyundownload\live555_vs2013\live555\usageenvironment\debug\hashtable.obj
d:\baiduyundownload\live555_vs2013\live555\usageenvironment\debug\strdup.obj
d:\baiduyundownload\live555_vs2013\live555\usageenvironment\debug\usageenvironment.obj
h:\tech\develop\visual_studio_2013\live555\live555\debug\usageenvironment.lib
d:\baiduyundownload\live555_vs2013\live555\debug\usageenvironment.lib
d:\vlc\live555\live555\usageenvironment\debug\hashtable.obj
d:\vlc\live555\live555\usageenvironment\debug\strdup.obj
d:\vlc\live555\live555\usageenvironment\debug\usageenvironment.obj
d:\vlc\live555\live555\usageenvironment\debug\vc120.idb
d:\vlc\live555\live555\usageenvironment\debug\vc120.pdb
d:\vlc\live555\live555\debug\usageenvironment.lib
d:\vlc\live555\live555\usageenvironment\debug\usageenvironment.tlog\cl.command.1.tlog
d:\vlc\live555\live555\usageenvironment\debug\usageenvironment.tlog\cl.read.1.tlog
d:\vlc\live555\live555\usageenvironment\debug\usageenvironment.tlog\cl.write.1.tlog
d:\vlc\live555\live555\usageenvironment\debug\usageenvironment.tlog\lib-link.read.1.tlog
d:\vlc\live555\live555\usageenvironment\debug\usageenvironment.tlog\lib-link.write.1.tlog
d:\vlc\live555\live555\usageenvironment\debug\usageenvironment.tlog\lib.command.1.tlog
