h:\tech\develop\visual_studio_2013\live555\live555\groupsock\debug\vc120.pdb
d:\baiduyundownload\live555_vs2013\live555\groupsock\debug\vc120.pdb
d:\baiduyundownload\live555_vs2013\live555\groupsock\debug\vc120.idb
d:\baiduyundownload\live555_vs2013\live555\groupsock\debug\groupeid.obj
d:\baiduyundownload\live555_vs2013\live555\groupsock\debug\groupsock.obj
d:\baiduyundownload\live555_vs2013\live555\groupsock\debug\groupsockhelper.obj
d:\baiduyundownload\live555_vs2013\live555\groupsock\debug\iohandlers.obj
d:\baiduyundownload\live555_vs2013\live555\groupsock\debug\netaddress.obj
d:\baiduyundownload\live555_vs2013\live555\groupsock\debug\netinterface.obj
d:\baiduyundownload\live555_vs2013\live555\groupsock\debug\inet.obj
h:\tech\develop\visual_studio_2013\live555\live555\debug\groupsock.lib
d:\baiduyundownload\live555_vs2013\live555\debug\groupsock.lib
d:\vlc\live555\live555\groupsock\debug\groupeid.obj
d:\vlc\live555\live555\groupsock\debug\groupsock.obj
d:\vlc\live555\live555\groupsock\debug\groupsockhelper.obj
d:\vlc\live555\live555\groupsock\debug\inet.obj
d:\vlc\live555\live555\groupsock\debug\iohandlers.obj
d:\vlc\live555\live555\groupsock\debug\netaddress.obj
d:\vlc\live555\live555\groupsock\debug\netinterface.obj
d:\vlc\live555\live555\groupsock\debug\vc120.idb
d:\vlc\live555\live555\groupsock\debug\vc120.pdb
d:\vlc\live555\live555\debug\groupsock.lib
d:\vlc\live555\live555\groupsock\debug\groupsock.tlog\cl.command.1.tlog
d:\vlc\live555\live555\groupsock\debug\groupsock.tlog\cl.read.1.tlog
d:\vlc\live555\live555\groupsock\debug\groupsock.tlog\cl.write.1.tlog
d:\vlc\live555\live555\groupsock\debug\groupsock.tlog\lib-link.read.1.tlog
d:\vlc\live555\live555\groupsock\debug\groupsock.tlog\lib-link.write.1.tlog
d:\vlc\live555\live555\groupsock\debug\groupsock.tlog\lib.command.1.tlog
