h:\tech\develop\visual_studio_2013\live555\live555\basicusageenvironment\debug\vc120.pdb
h:\tech\develop\visual_studio_2013\live555\live555\basicusageenvironment\debug\vc120.idb
h:\tech\develop\visual_studio_2013\live555\live555\basicusageenvironment\debug\basichashtable.obj
h:\tech\develop\visual_studio_2013\live555\live555\basicusageenvironment\debug\basictaskscheduler.obj
h:\tech\develop\visual_studio_2013\live555\live555\basicusageenvironment\debug\basictaskscheduler0.obj
h:\tech\develop\visual_studio_2013\live555\live555\basicusageenvironment\debug\basicusageenvironment.obj
h:\tech\develop\visual_studio_2013\live555\live555\basicusageenvironment\debug\basicusageenvironment0.obj
h:\tech\develop\visual_studio_2013\live555\live555\basicusageenvironment\debug\delayqueue.obj
d:\baiduyundownload\live555_vs2013\live555\basicusageenvironment\debug\vc120.pdb
d:\baiduyundownload\live555_vs2013\live555\basicusageenvironment\debug\vc120.idb
d:\baiduyundownload\live555_vs2013\live555\basicusageenvironment\debug\basichashtable.obj
d:\baiduyundownload\live555_vs2013\live555\basicusageenvironment\debug\basictaskscheduler.obj
d:\baiduyundownload\live555_vs2013\live555\basicusageenvironment\debug\basictaskscheduler0.obj
d:\baiduyundownload\live555_vs2013\live555\basicusageenvironment\debug\basicusageenvironment.obj
d:\baiduyundownload\live555_vs2013\live555\basicusageenvironment\debug\basicusageenvironment0.obj
d:\baiduyundownload\live555_vs2013\live555\basicusageenvironment\debug\delayqueue.obj
h:\tech\develop\visual_studio_2013\live555\live555\debug\basicusageenvironment.lib
d:\baiduyundownload\live555_vs2013\live555\debug\basicusageenvironment.lib
d:\vlc\live555\live555\basicusageenvironment\debug\basichashtable.obj
d:\vlc\live555\live555\basicusageenvironment\debug\basictaskscheduler.obj
d:\vlc\live555\live555\basicusageenvironment\debug\basictaskscheduler0.obj
d:\vlc\live555\live555\basicusageenvironment\debug\basicusageenvironment.obj
d:\vlc\live555\live555\basicusageenvironment\debug\basicusageenvironment0.obj
d:\vlc\live555\live555\basicusageenvironment\debug\delayqueue.obj
d:\vlc\live555\live555\basicusageenvironment\debug\vc120.idb
d:\vlc\live555\live555\basicusageenvironment\debug\vc120.pdb
d:\vlc\live555\live555\debug\basicusageenvironment.lib
d:\vlc\live555\live555\basicusageenvironment\debug\basicusa.92e04722.tlog\cl.command.1.tlog
d:\vlc\live555\live555\basicusageenvironment\debug\basicusa.92e04722.tlog\cl.read.1.tlog
d:\vlc\live555\live555\basicusageenvironment\debug\basicusa.92e04722.tlog\cl.write.1.tlog
d:\vlc\live555\live555\basicusageenvironment\debug\basicusa.92e04722.tlog\lib-link.read.1.tlog
d:\vlc\live555\live555\basicusageenvironment\debug\basicusa.92e04722.tlog\lib-link.write.1.tlog
d:\vlc\live555\live555\basicusageenvironment\debug\basicusa.92e04722.tlog\lib.command.1.tlog
